-- Found ament_cmake: 2.5.4 (/opt/ros/jazzy/share/ament_cmake/cmake)
-- Override CMake install command with custom implementation using symlinks instead of copying resources
-- Found robot_state_publisher: 3.3.3 (/opt/ros/jazzy/share/robot_state_publisher/cmake)
-- Found rosidl_generator_c: 4.6.6 (/opt/ros/jazzy/share/rosidl_generator_c/cmake)
-- Found rosidl_generator_cpp: 4.6.6 (/opt/ros/jazzy/share/rosidl_generator_cpp/cmake)
-- Using all available rosidl_typesupport_c: rosidl_typesupport_fastrtps_c;rosidl_typesupport_introspection_c
-- Using all available rosidl_typesupport_cpp: rosidl_typesupport_fastrtps_cpp;rosidl_typesupport_introspection_cpp
-- Found rmw_implementation_cmake: 7.3.2 (/opt/ros/jazzy/share/rmw_implementation_cmake/cmake)
-- Found rmw_fastrtps_cpp: 8.4.3 (/opt/ros/jazzy/share/rmw_fastrtps_cpp/cmake)
-- Using RMW implementation 'rmw_fastrtps_cpp' as default
-- Found xacro: 2.1.1 (/opt/ros/jazzy/share/xacro/cmake)
-- Found ros_gz_sim: 1.0.18 (/opt/ros/jazzy/share/ros_gz_sim/cmake)
-- Found ament_lint_auto: 0.17.3 (/opt/ros/jazzy/share/ament_lint_auto/cmake)
-- Added test 'lint_cmake' to check CMake code style
-- Added test 'xmllint' to check XML markup files
-- Configuring done (0.7s)
-- Generating done (0.0s)
-- Build files have been written to: /home/soap/probes/murphy/build/murphy_description
-- Install configuration: ""
-- Execute custom install script
-- Symlinking: /home/soap/probes/murphy/install/murphy_description/share/murphy_description/urdf/murphy.urdf.xacro
-- Symlinking: /home/soap/probes/murphy/install/murphy_description/share/murphy_description/launch/spawn.launch.xml
-- Up-to-date symlink: /home/soap/probes/murphy/install/murphy_description/share/ament_index/resource_index/package_run_dependencies/murphy_description
-- Up-to-date symlink: /home/soap/probes/murphy/install/murphy_description/share/ament_index/resource_index/parent_prefix_path/murphy_description
-- Up-to-date symlink: /home/soap/probes/murphy/install/murphy_description/share/murphy_description/environment/ament_prefix_path.sh
-- Up-to-date symlink: /home/soap/probes/murphy/install/murphy_description/share/murphy_description/environment/ament_prefix_path.dsv
-- Up-to-date symlink: /home/soap/probes/murphy/install/murphy_description/share/murphy_description/environment/path.sh
-- Up-to-date symlink: /home/soap/probes/murphy/install/murphy_description/share/murphy_description/environment/path.dsv
-- Up-to-date symlink: /home/soap/probes/murphy/install/murphy_description/share/murphy_description/local_setup.bash
-- Up-to-date symlink: /home/soap/probes/murphy/install/murphy_description/share/murphy_description/local_setup.sh
-- Up-to-date symlink: /home/soap/probes/murphy/install/murphy_description/share/murphy_description/local_setup.zsh
-- Up-to-date symlink: /home/soap/probes/murphy/install/murphy_description/share/murphy_description/local_setup.dsv
-- Symlinking: /home/soap/probes/murphy/install/murphy_description/share/murphy_description/package.dsv
-- Up-to-date symlink: /home/soap/probes/murphy/install/murphy_description/share/ament_index/resource_index/packages/murphy_description
-- Up-to-date symlink: /home/soap/probes/murphy/install/murphy_description/share/murphy_description/cmake/murphy_descriptionConfig.cmake
-- Up-to-date symlink: /home/soap/probes/murphy/install/murphy_description/share/murphy_description/cmake/murphy_descriptionConfig-version.cmake
-- Up-to-date symlink: /home/soap/probes/murphy/install/murphy_description/share/murphy_description/package.xml
