[0.010s] Invoking command in '/home/soap/probes/murphy/build/murphy_description': CMAKE_PREFIX_PATH=${CMAKE_PREFIX_PATH}:/opt/ros/jazzy DEBUGINFOD_URLS=https://debuginfod.ubuntu.com /usr/bin/cmake --build /home/soap/probes/murphy/build/murphy_description -- -j28 -l28
[0.043s] -- Found ament_cmake: 2.5.4 (/opt/ros/jazzy/share/ament_cmake/cmake)
[0.202s] -- Override CMake install command with custom implementation using symlinks instead of copying resources
[0.217s] -- Found robot_state_publisher: 3.3.3 (/opt/ros/jazzy/share/robot_state_publisher/cmake)
[0.251s] -- Found rosidl_generator_c: 4.6.6 (/opt/ros/jazzy/share/rosidl_generator_c/cmake)
[0.259s] -- Found rosidl_generator_cpp: 4.6.6 (/opt/ros/jazzy/share/rosidl_generator_cpp/cmake)
[0.269s] -- Using all available rosidl_typesupport_c: rosidl_typesupport_fastrtps_c;rosidl_typesupport_introspection_c
[0.286s] -- Using all available rosidl_typesupport_cpp: rosidl_typesupport_fastrtps_cpp;rosidl_typesupport_introspection_cpp
[0.346s] -- Found rmw_implementation_cmake: 7.3.2 (/opt/ros/jazzy/share/rmw_implementation_cmake/cmake)
[0.348s] -- Found rmw_fastrtps_cpp: 8.4.3 (/opt/ros/jazzy/share/rmw_fastrtps_cpp/cmake)
[0.409s] -- Using RMW implementation 'rmw_fastrtps_cpp' as default
[0.638s] -- Found xacro: 2.1.1 (/opt/ros/jazzy/share/xacro/cmake)
[0.639s] -- Found ros_gz_sim: 1.0.18 (/opt/ros/jazzy/share/ros_gz_sim/cmake)
[0.643s] -- Found ament_lint_auto: 0.17.3 (/opt/ros/jazzy/share/ament_lint_auto/cmake)
[0.727s] -- Added test 'lint_cmake' to check CMake code style
[0.728s] -- Added test 'xmllint' to check XML markup files
[0.730s] -- Configuring done (0.7s)
[0.737s] -- Generating done (0.0s)
[0.739s] -- Build files have been written to: /home/soap/probes/murphy/build/murphy_description
[0.762s] Invoked command in '/home/soap/probes/murphy/build/murphy_description' returned '0': CMAKE_PREFIX_PATH=${CMAKE_PREFIX_PATH}:/opt/ros/jazzy DEBUGINFOD_URLS=https://debuginfod.ubuntu.com /usr/bin/cmake --build /home/soap/probes/murphy/build/murphy_description -- -j28 -l28
[0.770s] Invoking command in '/home/soap/probes/murphy/build/murphy_description': CMAKE_PREFIX_PATH=${CMAKE_PREFIX_PATH}:/opt/ros/jazzy DEBUGINFOD_URLS=https://debuginfod.ubuntu.com /usr/bin/cmake --install /home/soap/probes/murphy/build/murphy_description
[0.778s] -- Install configuration: ""
[0.778s] -- Execute custom install script
[0.778s] -- Symlinking: /home/soap/probes/murphy/install/murphy_description/share/murphy_description/urdf/murphy.urdf.xacro
[0.787s] -- Symlinking: /home/soap/probes/murphy/install/murphy_description/share/murphy_description/launch/spawn.launch.xml
[0.795s] -- Up-to-date symlink: /home/soap/probes/murphy/install/murphy_description/share/ament_index/resource_index/package_run_dependencies/murphy_description
[0.795s] -- Up-to-date symlink: /home/soap/probes/murphy/install/murphy_description/share/ament_index/resource_index/parent_prefix_path/murphy_description
[0.795s] -- Up-to-date symlink: /home/soap/probes/murphy/install/murphy_description/share/murphy_description/environment/ament_prefix_path.sh
[0.796s] -- Up-to-date symlink: /home/soap/probes/murphy/install/murphy_description/share/murphy_description/environment/ament_prefix_path.dsv
[0.796s] -- Up-to-date symlink: /home/soap/probes/murphy/install/murphy_description/share/murphy_description/environment/path.sh
[0.796s] -- Up-to-date symlink: /home/soap/probes/murphy/install/murphy_description/share/murphy_description/environment/path.dsv
[0.797s] -- Up-to-date symlink: /home/soap/probes/murphy/install/murphy_description/share/murphy_description/local_setup.bash
[0.797s] -- Up-to-date symlink: /home/soap/probes/murphy/install/murphy_description/share/murphy_description/local_setup.sh
[0.797s] -- Up-to-date symlink: /home/soap/probes/murphy/install/murphy_description/share/murphy_description/local_setup.zsh
[0.797s] -- Up-to-date symlink: /home/soap/probes/murphy/install/murphy_description/share/murphy_description/local_setup.dsv
[0.797s] -- Symlinking: /home/soap/probes/murphy/install/murphy_description/share/murphy_description/package.dsv
[0.806s] -- Up-to-date symlink: /home/soap/probes/murphy/install/murphy_description/share/ament_index/resource_index/packages/murphy_description
[0.806s] -- Up-to-date symlink: /home/soap/probes/murphy/install/murphy_description/share/murphy_description/cmake/murphy_descriptionConfig.cmake
[0.806s] -- Up-to-date symlink: /home/soap/probes/murphy/install/murphy_description/share/murphy_description/cmake/murphy_descriptionConfig-version.cmake
[0.806s] -- Up-to-date symlink: /home/soap/probes/murphy/install/murphy_description/share/murphy_description/package.xml
[0.808s] Invoked command in '/home/soap/probes/murphy/build/murphy_description' returned '0': CMAKE_PREFIX_PATH=${CMAKE_PREFIX_PATH}:/opt/ros/jazzy DEBUGINFOD_URLS=https://debuginfod.ubuntu.com /usr/bin/cmake --install /home/soap/probes/murphy/build/murphy_description
