-- Install configuration: ""
-- Execute custom install script
-- Symlinking: /home/soap/probes/murphy/install/murphy_description/share/murphy_description/urdf/murphy.urdf
-- Up-to-date symlink: /home/soap/probes/murphy/install/murphy_description/share/murphy_description/urdf/murphy.urdf.xacro
-- Up-to-date symlink: /home/soap/probes/murphy/install/murphy_description/share/murphy_description/launch/spawn.launch.xml
-- Up-to-date symlink: /home/soap/probes/murphy/install/murphy_description/share/ament_index/resource_index/package_run_dependencies/murphy_description
-- Up-to-date symlink: /home/soap/probes/murphy/install/murphy_description/share/ament_index/resource_index/parent_prefix_path/murphy_description
-- Up-to-date symlink: /home/soap/probes/murphy/install/murphy_description/share/murphy_description/environment/ament_prefix_path.sh
-- Up-to-date symlink: /home/soap/probes/murphy/install/murphy_description/share/murphy_description/environment/ament_prefix_path.dsv
-- Up-to-date symlink: /home/soap/probes/murphy/install/murphy_description/share/murphy_description/environment/path.sh
-- Up-to-date symlink: /home/soap/probes/murphy/install/murphy_description/share/murphy_description/environment/path.dsv
-- Up-to-date symlink: /home/soap/probes/murphy/install/murphy_description/share/murphy_description/local_setup.bash
-- Up-to-date symlink: /home/soap/probes/murphy/install/murphy_description/share/murphy_description/local_setup.sh
-- Up-to-date symlink: /home/soap/probes/murphy/install/murphy_description/share/murphy_description/local_setup.zsh
-- Up-to-date symlink: /home/soap/probes/murphy/install/murphy_description/share/murphy_description/local_setup.dsv
-- Symlinking: /home/soap/probes/murphy/install/murphy_description/share/murphy_description/package.dsv
-- Up-to-date symlink: /home/soap/probes/murphy/install/murphy_description/share/ament_index/resource_index/packages/murphy_description
-- Up-to-date symlink: /home/soap/probes/murphy/install/murphy_description/share/murphy_description/cmake/murphy_descriptionConfig.cmake
-- Up-to-date symlink: /home/soap/probes/murphy/install/murphy_description/share/murphy_description/cmake/murphy_descriptionConfig-version.cmake
-- Up-to-date symlink: /home/soap/probes/murphy/install/murphy_description/share/murphy_description/package.xml
