[0.008s] Invoking command in '/home/soap/probes/murphy/build/murphy_description': CMAKE_PREFIX_PATH=${CMAKE_PREFIX_PATH}:/opt/ros/jazzy DEBUGINFOD_URLS=https://debuginfod.ubuntu.com /usr/bin/cmake /home/soap/probes/murphy/src/murphy_description -DAMENT_CMAKE_SYMLINK_INSTALL=1 -DCMAKE_INSTALL_PREFIX=/home/soap/probes/murphy/install/murphy_description
[0.115s] -- The C compiler identification is GNU 13.3.0
[0.182s] -- The CXX compiler identification is GNU 13.3.0
[0.199s] -- Detecting C compiler ABI info
[0.264s] -- Detecting C compiler ABI info - done
[0.268s] -- Check for working C compiler: /usr/bin/cc - skipped
[0.269s] -- Detecting C compile features
[0.270s] -- Detecting C compile features - done
[0.277s] -- Detecting CXX compiler ABI info
[0.341s] -- Detecting CXX compiler ABI info - done
[0.346s] -- Check for working CXX compiler: /usr/bin/c++ - skipped
[0.346s] -- Detecting CXX compile features
[0.346s] -- Detecting CXX compile features - done
[0.353s] -- Found ament_cmake: 2.5.4 (/opt/ros/jazzy/share/ament_cmake/cmake)
[0.442s] -- Found Python3: /usr/bin/python3 (found version "3.12.3") found components: Interpreter 
[0.485s] -- Override CMake install command with custom implementation using symlinks instead of copying resources
[0.513s] -- Found robot_state_publisher: 3.3.3 (/opt/ros/jazzy/share/robot_state_publisher/cmake)
[0.543s] -- Found rosidl_generator_c: 4.6.6 (/opt/ros/jazzy/share/rosidl_generator_c/cmake)
[0.552s] -- Found rosidl_generator_cpp: 4.6.6 (/opt/ros/jazzy/share/rosidl_generator_cpp/cmake)
[0.564s] -- Using all available rosidl_typesupport_c: rosidl_typesupport_fastrtps_c;rosidl_typesupport_introspection_c
[0.576s] -- Using all available rosidl_typesupport_cpp: rosidl_typesupport_fastrtps_cpp;rosidl_typesupport_introspection_cpp
[0.637s] -- Found rmw_implementation_cmake: 7.3.2 (/opt/ros/jazzy/share/rmw_implementation_cmake/cmake)
[0.640s] -- Found rmw_fastrtps_cpp: 8.4.3 (/opt/ros/jazzy/share/rmw_fastrtps_cpp/cmake)
[0.708s] -- Found OpenSSL: /usr/lib/x86_64-linux-gnu/libcrypto.so (found version "3.0.13")  
[0.723s] -- Found FastRTPS: /opt/ros/jazzy/include (Required is at least version "2.13") 
[0.737s] -- Using RMW implementation 'rmw_fastrtps_cpp' as default
[0.927s] -- Found xacro: 2.1.1 (/opt/ros/jazzy/share/xacro/cmake)
[0.928s] -- Found ros_gz_sim: 1.0.18 (/opt/ros/jazzy/share/ros_gz_sim/cmake)
[0.932s] -- Found ament_lint_auto: 0.17.3 (/opt/ros/jazzy/share/ament_lint_auto/cmake)
[0.993s] -- Added test 'lint_cmake' to check CMake code style
[0.994s] -- Added test 'xmllint' to check XML markup files
[0.995s] -- Configuring done (1.0s)
[0.997s] -- Generating done (0.0s)
[0.999s] -- Build files have been written to: /home/soap/probes/murphy/build/murphy_description
[1.006s] Invoked command in '/home/soap/probes/murphy/build/murphy_description' returned '0': CMAKE_PREFIX_PATH=${CMAKE_PREFIX_PATH}:/opt/ros/jazzy DEBUGINFOD_URLS=https://debuginfod.ubuntu.com /usr/bin/cmake /home/soap/probes/murphy/src/murphy_description -DAMENT_CMAKE_SYMLINK_INSTALL=1 -DCMAKE_INSTALL_PREFIX=/home/soap/probes/murphy/install/murphy_description
[1.006s] Invoking command in '/home/soap/probes/murphy/build/murphy_description': CMAKE_PREFIX_PATH=${CMAKE_PREFIX_PATH}:/opt/ros/jazzy DEBUGINFOD_URLS=https://debuginfod.ubuntu.com /usr/bin/cmake --build /home/soap/probes/murphy/build/murphy_description -- -j28 -l28
[1.036s] Invoked command in '/home/soap/probes/murphy/build/murphy_description' returned '0': CMAKE_PREFIX_PATH=${CMAKE_PREFIX_PATH}:/opt/ros/jazzy DEBUGINFOD_URLS=https://debuginfod.ubuntu.com /usr/bin/cmake --build /home/soap/probes/murphy/build/murphy_description -- -j28 -l28
[1.042s] Invoking command in '/home/soap/probes/murphy/build/murphy_description': CMAKE_PREFIX_PATH=${CMAKE_PREFIX_PATH}:/opt/ros/jazzy DEBUGINFOD_URLS=https://debuginfod.ubuntu.com /usr/bin/cmake --install /home/soap/probes/murphy/build/murphy_description
[1.046s] -- Install configuration: ""
[1.047s] -- Execute custom install script
[1.047s] -- Symlinking: /home/soap/probes/murphy/install/murphy_description/share/ament_index/resource_index/package_run_dependencies/murphy_description
[1.053s] -- Symlinking: /home/soap/probes/murphy/install/murphy_description/share/ament_index/resource_index/parent_prefix_path/murphy_description
[1.059s] -- Symlinking: /home/soap/probes/murphy/install/murphy_description/share/murphy_description/environment/ament_prefix_path.sh
[1.066s] -- Symlinking: /home/soap/probes/murphy/install/murphy_description/share/murphy_description/environment/ament_prefix_path.dsv
[1.071s] -- Symlinking: /home/soap/probes/murphy/install/murphy_description/share/murphy_description/environment/path.sh
[1.078s] -- Symlinking: /home/soap/probes/murphy/install/murphy_description/share/murphy_description/environment/path.dsv
[1.083s] -- Symlinking: /home/soap/probes/murphy/install/murphy_description/share/murphy_description/local_setup.bash
[1.088s] -- Symlinking: /home/soap/probes/murphy/install/murphy_description/share/murphy_description/local_setup.sh
[1.093s] -- Symlinking: /home/soap/probes/murphy/install/murphy_description/share/murphy_description/local_setup.zsh
[1.098s] -- Symlinking: /home/soap/probes/murphy/install/murphy_description/share/murphy_description/local_setup.dsv
[1.103s] -- Symlinking: /home/soap/probes/murphy/install/murphy_description/share/murphy_description/package.dsv
[1.109s] -- Symlinking: /home/soap/probes/murphy/install/murphy_description/share/ament_index/resource_index/packages/murphy_description
[1.115s] -- Symlinking: /home/soap/probes/murphy/install/murphy_description/share/murphy_description/cmake/murphy_descriptionConfig.cmake
[1.119s] -- Symlinking: /home/soap/probes/murphy/install/murphy_description/share/murphy_description/cmake/murphy_descriptionConfig-version.cmake
[1.125s] -- Symlinking: /home/soap/probes/murphy/install/murphy_description/share/murphy_description/package.xml
[1.131s] Invoked command in '/home/soap/probes/murphy/build/murphy_description' returned '0': CMAKE_PREFIX_PATH=${CMAKE_PREFIX_PATH}:/opt/ros/jazzy DEBUGINFOD_URLS=https://debuginfod.ubuntu.com /usr/bin/cmake --install /home/soap/probes/murphy/build/murphy_description
